This is pdfTeX, Version 3.141592653-2.6-1.40.22 (TeX Live 2022/dev/Debian) (preloaded format=pdflatex 2024.4.3)  27 SEP 2024 12:48
entering extended mode
 restricted \write18 enabled.
 %&-line parsing enabled.
**book.tex
(./book.tex
LaTeX2e <2021-11-15> patch level 1
L3 programming layer <2022-01-21> (./config.tex
(/usr/share/texlive/texmf-dist/tex/latex/koma-script/scrartcl.cls
Document Class: scrartcl 2021/11/13 v3.35 KOMA-Script document class (article)
(/usr/share/texlive/texmf-dist/tex/latex/koma-script/scrkbase.sty
Package: scrkbase 2021/11/13 v3.35 KOMA-Script package (KOMA-Script-dependent b
asics and keyval usage)

(/usr/share/texlive/texmf-dist/tex/latex/koma-script/scrbase.sty
Package: scrbase 2021/11/13 v3.35 KOMA-Script package (KOMA-Script-independent 
basics and keyval usage)

(/usr/share/texlive/texmf-dist/tex/latex/koma-script/scrlfile.sty
Package: scrlfile 2021/11/13 v3.35 KOMA-Script package (file load hooks)

(/usr/share/texlive/texmf-dist/tex/latex/koma-script/scrlfile-hook.sty
Package: scrlfile-hook 2021/11/13 v3.35 KOMA-Script package (using LaTeX hooks)


(/usr/share/texlive/texmf-dist/tex/latex/koma-script/scrlogo.sty
Package: scrlogo 2021/11/13 v3.35 KOMA-Script package (logo)
)))
(/usr/share/texlive/texmf-dist/tex/latex/graphics/keyval.sty
Package: keyval 2014/10/28 v1.15 key=value parser (DPC)
\KV@toks@=\toks16
)
Applying: [2021/05/01] Usage of raw or classic option list on input line 252.
Already applied: [0000/00/00] Usage of raw or classic option list on input line
 368.
))
(/usr/share/texlive/texmf-dist/tex/latex/koma-script/tocbasic.sty
Package: tocbasic 2021/11/13 v3.35 KOMA-Script package (handling toc-files)
\scr@dte@tocline@numberwidth=\skip47
\scr@dte@tocline@numbox=\box50
)
Package tocbasic Info: babel extension for `toc' omitted
(tocbasic)             because of missing \bbl@set@language on input line 135.
Package scrartcl Info: You've used standard option `11pt'.
(scrartcl)             This is correct!
(scrartcl)             Internally I'm using `fontsize=11pt'.
(scrartcl)             If you'd like to set the option with \KOMAoptions,
(scrartcl)             you'd have to use `fontsize=11pt' there
(scrartcl)             instead of `11pt', too.
Class scrartcl Info: File `scrsize11pt.clo' used to setup font sizes on input l
ine 2242.

(/usr/share/texlive/texmf-dist/tex/latex/koma-script/scrsize11pt.clo
File: scrsize11pt.clo 2021/11/13 v3.35 KOMA-Script font size class option (11pt
)
)
(/usr/share/texlive/texmf-dist/tex/latex/koma-script/typearea.sty
Package: typearea 2021/11/13 v3.35 KOMA-Script package (type area)
\ta@bcor=\skip48
\ta@div=\count185
\ta@hblk=\skip49
\ta@vblk=\skip50
\ta@temp=\skip51
\footheight=\skip52
Package typearea Info: These are the values describing the layout:
(typearea)             DIV  = 10
(typearea)             BCOR = 0.0pt
(typearea)             \paperwidth      = 597.50793pt
(typearea)              \textwidth      = 418.25555pt
(typearea)              DIV departure   = -6%
(typearea)              \evensidemargin = 17.3562pt
(typearea)              \oddsidemargin  = 17.3562pt
(typearea)             \paperheight     = 845.04694pt
(typearea)              \textheight     = 595.80026pt
(typearea)              \topmargin      = -25.16531pt
(typearea)              \headheight     = 17.0pt
(typearea)              \headsep        = 20.40001pt
(typearea)              \topskip        = 11.0pt
(typearea)              \footskip       = 47.6pt
(typearea)              \baselineskip   = 13.6pt
(typearea)              on input line 1743.
)
\c@part=\count186
\c@section=\count187
\c@subsection=\count188
\c@subsubsection=\count189
\c@paragraph=\count190
\c@subparagraph=\count191
\scr@dte@section@maxnumwidth=\skip53
Class scrartcl Info: using compatibility default `runin=bysign'
(scrartcl)           for `\section on input line 4852.
Class scrartcl Info: using compatibility default `afterindent=bysign'
(scrartcl)           for `\section on input line 4852.
\scr@dte@part@maxnumwidth=\skip54
Class scrartcl Info: using compatibility default `afterindent=false'
(scrartcl)           for `\part on input line 4860.
\scr@dte@subsection@maxnumwidth=\skip55
Class scrartcl Info: using compatibility default `runin=bysign'
(scrartcl)           for `\subsection on input line 4870.
Class scrartcl Info: using compatibility default `afterindent=bysign'
(scrartcl)           for `\subsection on input line 4870.
\scr@dte@subsubsection@maxnumwidth=\skip56
Class scrartcl Info: using compatibility default `runin=bysign'
(scrartcl)           for `\subsubsection on input line 4880.
Class scrartcl Info: using compatibility default `afterindent=bysign'
(scrartcl)           for `\subsubsection on input line 4880.
\scr@dte@paragraph@maxnumwidth=\skip57
Class scrartcl Info: using compatibility default `runin=bysign'
(scrartcl)           for `\paragraph on input line 4891.
Class scrartcl Info: using compatibility default `afterindent=bysign'
(scrartcl)           for `\paragraph on input line 4891.
\scr@dte@subparagraph@maxnumwidth=\skip58
Class scrartcl Info: using compatibility default `runin=bysign'
(scrartcl)           for `\subparagraph on input line 4901.
Class scrartcl Info: using compatibility default `afterindent=bysign'
(scrartcl)           for `\subparagraph on input line 4901.
\abovecaptionskip=\skip59
\belowcaptionskip=\skip60
\c@pti@nb@sid@b@x=\box51
Package tocbasic Info: babel extension for `lof' omitted
(tocbasic)             because of missing \bbl@set@language on input line 6076.

\scr@dte@figure@maxnumwidth=\skip61
\c@figure=\count192
Package tocbasic Info: babel extension for `lot' omitted
(tocbasic)             because of missing \bbl@set@language on input line 6091.

\scr@dte@table@maxnumwidth=\skip62
\c@table=\count193
Class scrartcl Info: Redefining `\numberline' on input line 6258.
\bibindent=\dimen138
)
(/usr/share/texlive/texmf-dist/tex/generic/babel/babel.sty
Package: babel 2022/01/26 3.70 The Babel package
\babel@savecnt=\count194
\U@D=\dimen139
\l@unhyphenated=\language7

(/usr/share/texlive/texmf-dist/tex/generic/babel/txtbabel.def)
\bbl@readstream=\read2
\bbl@dirlevel=\count195


! Package babel Error: Unknown option 'portuguese'. Either you misspelled it
(babel)                or the language definition file portuguese.ldf was not f
ound.

See the babel package documentation for explanation.
Type  H <return>  for immediate help.
 ...                                              
                                                  
l.4254 \ProcessOptions*
                       
Valid options are, among others: shorthands=, KeepShorthandsActive,
activeacute, activegrave, noconfigs, safe=, main=, math=
headfoot=, strings=, config=, hyphenmap=, or a language name.

Package babel Info: You haven't specified a language. I'll use 'nil'
(babel)             as the main language. Reported on input line 4299.
(/usr/share/texlive/texmf-dist/tex/generic/babel/nil.ldf
Language: nil 2022/01/26 3.70 Nil language
\l@nil=\language8
))
(/usr/share/texlive/texmf-dist/tex/latex/base/inputenc.sty
Package: inputenc 2021/02/14 v1.3d Input encoding file
\inpenc@prehook=\toks17
\inpenc@posthook=\toks18
)
(/usr/share/texlive/texmf-dist/tex/latex/hyperref/nameref.sty
Package: nameref 2021-04-02 v2.47 Cross-referencing by name of section

(/usr/share/texlive/texmf-dist/tex/latex/refcount/refcount.sty
Package: refcount 2019/12/15 v3.6 Data extraction from label references (HO)

(/usr/share/texlive/texmf-dist/tex/generic/ltxcmds/ltxcmds.sty
Package: ltxcmds 2020-05-10 v1.25 LaTeX kernel commands for general use (HO)
)
(/usr/share/texlive/texmf-dist/tex/generic/infwarerr/infwarerr.sty
Package: infwarerr 2019/12/03 v1.5 Providing info/warning/error messages (HO)
))
(/usr/share/texlive/texmf-dist/tex/generic/gettitlestring/gettitlestring.sty
Package: gettitlestring 2019/12/15 v1.6 Cleanup title references (HO)

(/usr/share/texlive/texmf-dist/tex/latex/kvoptions/kvoptions.sty
Package: kvoptions 2020-10-07 v3.14 Key value format for package options (HO)

(/usr/share/texlive/texmf-dist/tex/generic/kvsetkeys/kvsetkeys.sty
Package: kvsetkeys 2019/12/15 v1.18 Key value parser (HO)
)))
\c@section@level=\count196
LaTeX Info: Redefining \ref on input line 356.
LaTeX Info: Redefining \pageref on input line 356.
)
(/usr/share/texlive/texmf-dist/tex/latex/hyperref/hyperref.sty
Package: hyperref 2021-06-07 v7.00m Hypertext links for LaTeX

(/usr/share/texlive/texmf-dist/tex/generic/iftex/iftex.sty
Package: iftex 2020/03/06 v1.0d TeX engine tests
)
(/usr/share/texlive/texmf-dist/tex/generic/pdftexcmds/pdftexcmds.sty
Package: pdftexcmds 2020-06-27 v0.33 Utility functions of pdfTeX for LuaTeX (HO
)
Package pdftexcmds Info: \pdf@primitive is available.
Package pdftexcmds Info: \pdf@ifprimitive is available.
Package pdftexcmds Info: \pdfdraftmode found.
)
(/usr/share/texlive/texmf-dist/tex/generic/kvdefinekeys/kvdefinekeys.sty
Package: kvdefinekeys 2019-12-19 v1.6 Define keys (HO)
)
(/usr/share/texlive/texmf-dist/tex/generic/pdfescape/pdfescape.sty
Package: pdfescape 2019/12/09 v1.15 Implements pdfTeX's escape features (HO)
)
(/usr/share/texlive/texmf-dist/tex/latex/hycolor/hycolor.sty
Package: hycolor 2020-01-27 v1.10 Color options for hyperref/bookmark (HO)
)
(/usr/share/texlive/texmf-dist/tex/latex/letltxmacro/letltxmacro.sty
Package: letltxmacro 2019/12/03 v1.6 Let assignment for LaTeX macros (HO)
)
(/usr/share/texlive/texmf-dist/tex/latex/auxhook/auxhook.sty
Package: auxhook 2019-12-17 v1.6 Hooks for auxiliary files (HO)
)
\@linkdim=\dimen140
\Hy@linkcounter=\count197
\Hy@pagecounter=\count198

(/usr/share/texlive/texmf-dist/tex/latex/hyperref/pd1enc.def
File: pd1enc.def 2021-06-07 v7.00m Hyperref: PDFDocEncoding definition (HO)
Now handling font encoding PD1 ...
... no UTF-8 mapping file for font encoding PD1
)
(/usr/share/texlive/texmf-dist/tex/latex/hyperref/hyperref-langpatches.def
File: hyperref-langpatches.def 2021-06-07 v7.00m Hyperref: patches for babel la
nguages
)
(/usr/share/texlive/texmf-dist/tex/generic/intcalc/intcalc.sty
Package: intcalc 2019/12/15 v1.3 Expandable calculations with integers (HO)
)
(/usr/share/texlive/texmf-dist/tex/generic/etexcmds/etexcmds.sty
Package: etexcmds 2019/12/15 v1.7 Avoid name clashes with e-TeX commands (HO)
)
\Hy@SavedSpaceFactor=\count199

(/usr/share/texlive/texmf-dist/tex/latex/hyperref/puenc.def
File: puenc.def 2021-06-07 v7.00m Hyperref: PDF Unicode definition (HO)
Now handling font encoding PU ...
... no UTF-8 mapping file for font encoding PU
)
Package hyperref Info: Option `colorlinks' set `true' on input line 4073.
Package hyperref Info: Hyper figures OFF on input line 4192.
Package hyperref Info: Link nesting OFF on input line 4197.
Package hyperref Info: Hyper index ON on input line 4200.
Package hyperref Info: Plain pages OFF on input line 4207.
Package hyperref Info: Backreferencing OFF on input line 4212.
Package hyperref Info: Implicit mode ON; LaTeX internals redefined.
Package hyperref Info: Bookmarks ON on input line 4445.
\c@Hy@tempcnt=\count266

(/usr/share/texlive/texmf-dist/tex/latex/url/url.sty
\Urlmuskip=\muskip16
Package: url 2013/09/16  ver 3.4  Verb mode for urls, etc.
)
LaTeX Info: Redefining \url on input line 4804.
\XeTeXLinkMargin=\dimen141

(/usr/share/texlive/texmf-dist/tex/generic/bitset/bitset.sty
Package: bitset 2019/12/09 v1.3 Handle bit-vector datatype (HO)

(/usr/share/texlive/texmf-dist/tex/generic/bigintcalc/bigintcalc.sty
Package: bigintcalc 2019/12/15 v1.5 Expandable calculations on big integers (HO
)
))
\Fld@menulength=\count267
\Field@Width=\dimen142
\Fld@charsize=\dimen143
Package hyperref Info: Hyper figures OFF on input line 6076.
Package hyperref Info: Link nesting OFF on input line 6081.
Package hyperref Info: Hyper index ON on input line 6084.
Package hyperref Info: backreferencing OFF on input line 6091.
Package hyperref Info: Link coloring ON on input line 6094.
Package hyperref Info: Link coloring with OCG OFF on input line 6101.
Package hyperref Info: PDF/A mode OFF on input line 6106.
LaTeX Info: Redefining \ref on input line 6146.
LaTeX Info: Redefining \pageref on input line 6150.

(/usr/share/texlive/texmf-dist/tex/latex/base/atbegshi-ltx.sty
Package: atbegshi-ltx 2021/01/10 v1.0c Emulation of the original atbegshi
package with kernel methods
)
\Hy@abspage=\count268
\c@Item=\count269
\c@Hfootnote=\count270
)
Package hyperref Info: Driver (autodetected): hpdftex.

(/usr/share/texlive/texmf-dist/tex/latex/hyperref/hpdftex.def
File: hpdftex.def 2021-06-07 v7.00m Hyperref driver for pdfTeX

(/usr/share/texlive/texmf-dist/tex/latex/base/atveryend-ltx.sty
Package: atveryend-ltx 2020/08/19 v1.0a Emulation of the original atveryend pac
kage
with kernel methods
)
\Fld@listcount=\count271
\c@bookmark@seq@number=\count272

(/usr/share/texlive/texmf-dist/tex/latex/rerunfilecheck/rerunfilecheck.sty
Package: rerunfilecheck 2019/12/05 v1.9 Rerun checks for auxiliary files (HO)

(/usr/share/texlive/texmf-dist/tex/generic/uniquecounter/uniquecounter.sty
Package: uniquecounter 2019/12/15 v1.4 Provide unlimited unique counter (HO)
)
Package uniquecounter Info: New unique counter `rerunfilecheck' on input line 2
86.
)
\Hy@SectionHShift=\skip63
)
(/usr/share/texlive/texmf-dist/tex/latex/amsfonts/amsfonts.sty
Package: amsfonts 2013/01/14 v3.01 Basic AMSFonts support
\@emptytoks=\toks19
\symAMSa=\mathgroup4
\symAMSb=\mathgroup5
LaTeX Font Info:    Redeclaring math symbol \hbar on input line 98.
LaTeX Font Info:    Overwriting math alphabet `\mathfrak' in version `bold'
(Font)                  U/euf/m/n --> U/euf/b/n on input line 106.
)
(/usr/share/texlive/texmf-dist/tex/latex/amsmath/amsmath.sty
Package: amsmath 2021/10/15 v2.17l AMS math features
\@mathmargin=\skip64

For additional information on amsmath, use the `?' option.
(/usr/share/texlive/texmf-dist/tex/latex/amsmath/amstext.sty
Package: amstext 2021/08/26 v2.01 AMS text

(/usr/share/texlive/texmf-dist/tex/latex/amsmath/amsgen.sty
File: amsgen.sty 1999/11/30 v2.0 generic functions
\@emptytoks=\toks20
\ex@=\dimen144
))
(/usr/share/texlive/texmf-dist/tex/latex/amsmath/amsbsy.sty
Package: amsbsy 1999/11/29 v1.2d Bold Symbols
\pmbraise@=\dimen145
)
(/usr/share/texlive/texmf-dist/tex/latex/amsmath/amsopn.sty
Package: amsopn 2021/08/26 v2.02 operator names
)
\inf@bad=\count273
LaTeX Info: Redefining \frac on input line 234.
\uproot@=\count274
\leftroot@=\count275
LaTeX Info: Redefining \overline on input line 399.
\classnum@=\count276
\DOTSCASE@=\count277
LaTeX Info: Redefining \ldots on input line 496.
LaTeX Info: Redefining \dots on input line 499.
LaTeX Info: Redefining \cdots on input line 620.
\Mathstrutbox@=\box52
\strutbox@=\box53
\big@size=\dimen146
LaTeX Font Info:    Redeclaring font encoding OML on input line 743.
LaTeX Font Info:    Redeclaring font encoding OMS on input line 744.
\macc@depth=\count278
\c@MaxMatrixCols=\count279
\dotsspace@=\muskip17
\c@parentequation=\count280
\dspbrk@lvl=\count281
\tag@help=\toks21
\row@=\count282
\column@=\count283
\maxfields@=\count284
\andhelp@=\toks22
\eqnshift@=\dimen147
\alignsep@=\dimen148
\tagshift@=\dimen149
\tagwidth@=\dimen150
\totwidth@=\dimen151
\lineht@=\dimen152
\@envbody=\toks23
\multlinegap=\skip65
\multlinetaggap=\skip66
\mathdisplay@stack=\toks24
LaTeX Info: Redefining \[ on input line 2938.
LaTeX Info: Redefining \] on input line 2939.
)
(/usr/share/texlive/texmf-dist/tex/latex/amsfonts/amssymb.sty
Package: amssymb 2013/01/14 v3.01 AMS font symbols
)
(/usr/share/texlive/texmf-dist/tex/latex/amscls/amsthm.sty
Package: amsthm 2020/05/29 v2.20.6
\thm@style=\toks25
\thm@bodyfont=\toks26
\thm@headfont=\toks27
\thm@notefont=\toks28
\thm@headpunct=\toks29
\thm@preskip=\skip67
\thm@postskip=\skip68
\thm@headsep=\skip69
\dth@everypar=\toks30
)
(/usr/share/texlive/texmf-dist/tex/latex/xpatch/xpatch.sty
(/usr/share/texlive/texmf-dist/tex/latex/l3kernel/expl3.sty
Package: expl3 2022-01-21 L3 programming layer (loader) 

(/usr/share/texlive/texmf-dist/tex/latex/l3backend/l3backend-pdftex.def
File: l3backend-pdftex.def 2022-01-12 L3 backend support: PDF output (pdfTeX)
\l__color_backend_stack_int=\count285
\l__pdf_internal_box=\box54
))
Package: xpatch 2020/03/25 v0.3a Extending etoolbox patching commands

(/usr/share/texlive/texmf-dist/tex/latex/l3packages/xparse/xparse.sty
Package: xparse 2022-01-12 L3 Experimental document command parser
)
(/usr/share/texlive/texmf-dist/tex/latex/etoolbox/etoolbox.sty
Package: etoolbox 2020/10/05 v2.5k e-TeX tools for LaTeX (JAW)
\etb@tempcnta=\count286
))
Class scrartcl Info: amsthm's \deferred@thm@head patched.

(/usr/share/texlive/texmf-dist/tex/latex/thmtools/thmtools.sty
Package: thmtools 2020/08/01 v0.72
\thmt@toks=\toks31
\c@thmt@dummyctr=\count287

(/usr/share/texlive/texmf-dist/tex/latex/thmtools/thm-patch.sty
Package: thm-patch 2020/08/01 v0.72

(/usr/share/texlive/texmf-dist/tex/latex/thmtools/parseargs.sty
Package: parseargs 2020/08/01 v0.72
\@parsespec=\toks32
))
(/usr/share/texlive/texmf-dist/tex/latex/thmtools/thm-kv.sty
Package: thm-kv 2020/08/01 v0.72
Package thm-kv Info: Theorem names will be uppercased on input line 42.
Package thm-kv Info: kvsetkeys patch (v1.16 or later) on input line 158.
)
(/usr/share/texlive/texmf-dist/tex/latex/thmtools/thm-autoref.sty
Package: thm-autoref 2020/08/01 v0.72

(/usr/share/texlive/texmf-dist/tex/latex/thmtools/aliasctr.sty
Package: aliasctr 2020/08/01 v0.72
))
(/usr/share/texlive/texmf-dist/tex/latex/thmtools/thm-listof.sty
Package: thm-listof 2020/08/01 v0.72
)
(/usr/share/texlive/texmf-dist/tex/latex/thmtools/thm-restate.sty
Package: thm-restate 2020/08/01 v0.72
)
(/usr/share/texlive/texmf-dist/tex/latex/thmtools/thm-amsthm.sty
Package: thm-amsthm 2020/08/01 v0.72
\thmt@style@headstyle=\toks33
))
(/usr/share/texlive/texmf-dist/tex/latex/cleveref/cleveref.sty
Package: cleveref 2018/03/27 v0.21.4 Intelligent cross-referencing
Package cleveref Info: `hyperref' support loaded on input line 2370.
LaTeX Info: Redefining \cref on input line 2370.
LaTeX Info: Redefining \Cref on input line 2370.
LaTeX Info: Redefining \crefrange on input line 2370.
LaTeX Info: Redefining \Crefrange on input line 2370.
LaTeX Info: Redefining \cpageref on input line 2370.
LaTeX Info: Redefining \Cpageref on input line 2370.
LaTeX Info: Redefining \cpagerefrange on input line 2370.
LaTeX Info: Redefining \Cpagerefrange on input line 2370.
LaTeX Info: Redefining \labelcref on input line 2370.
LaTeX Info: Redefining \labelcpageref on input line 2370.
Package cleveref Info: `amsthm' support loaded on input line 3026.
)
\c@theorem=\count288

(/usr/share/texlive/texmf-dist/tex/latex/graphics/color.sty
Package: color 2021/12/07 v1.3c Standard LaTeX Color (DPC)

(/usr/share/texlive/texmf-dist/tex/latex/graphics-cfg/color.cfg
File: color.cfg 2016/01/02 v1.6 sample color configuration
)
Package color Info: Driver file: pdftex.def on input line 149.

(/usr/share/texlive/texmf-dist/tex/latex/graphics-def/pdftex.def
File: pdftex.def 2020/10/05 v1.2a Graphics/color driver for pdftex
))
(/usr/share/texlive/texmf-dist/tex/latex/xcolor/xcolor.sty
Package: xcolor 2021/10/31 v2.13 LaTeX color extensions (UK)

(/usr/share/texlive/texmf-dist/tex/latex/graphics-cfg/color.cfg
File: color.cfg 2016/01/02 v1.6 sample color configuration
)
Package xcolor Info: Driver file: pdftex.def on input line 227.
LaTeX Info: Redefining \color on input line 711.
Package xcolor Info: Model `cmy' substituted by `cmy0' on input line 1352.
Package xcolor Info: Model `hsb' substituted by `rgb' on input line 1356.
Package xcolor Info: Model `RGB' extended on input line 1368.
Package xcolor Info: Model `HTML' substituted by `rgb' on input line 1370.
Package xcolor Info: Model `Hsb' substituted by `hsb' on input line 1371.
Package xcolor Info: Model `tHsb' substituted by `hsb' on input line 1372.
Package xcolor Info: Model `HSB' substituted by `hsb' on input line 1373.
Package xcolor Info: Model `Gray' substituted by `gray' on input line 1374.
Package xcolor Info: Model `wave' substituted by `hsb' on input line 1375.
)
(/usr/share/texlive/texmf-dist/tex/latex/enumitem/enumitem.sty
Package: enumitem 2019/06/20 v3.9 Customized lists
\labelindent=\skip70
\enit@outerparindent=\dimen153
\enit@toks=\toks34
\enit@inbox=\box55
\enit@count@id=\count289
\enitdp@description=\count290
)

Class scrartcl Warning: Usage of package `fancyhdr' together
(scrartcl)              with a KOMA-Script class is not recommended.
(scrartcl)              I'd suggest to use 
(scrartcl)              package `scrlayer' or `scrlayer-scrpage', because
(scrartcl)              they support KOMA-Script classes.
(scrartcl)              With `fancyhdr' several features of class `scrartcl'
(scrartcl)              like options `headsepline', `footsepline' or command
(scrartcl)              `\MakeMarkcase' and the commands `\setkomafont' and
(scrartcl)              `\addtokomafont' for the page style elements need
(scrartcl)              explicite user intervention to work.
(scrartcl)              Nevertheless, using requested
(scrartcl)              package `fancyhdr' on input line 28.

(/usr/share/texlive/texmf-dist/tex/latex/fancyhdr/fancyhdr.sty
Package: fancyhdr 2021/01/28 v4.0.1 Extensive control of page headers and foote
rs
\f@nch@headwidth=\skip71
\f@nch@O@elh=\skip72
\f@nch@O@erh=\skip73
\f@nch@O@olh=\skip74
\f@nch@O@orh=\skip75
\f@nch@O@elf=\skip76
\f@nch@O@erf=\skip77
\f@nch@O@olf=\skip78
\f@nch@O@orf=\skip79
)
(/usr/share/texlive/texmf-dist/tex/latex/float/float.sty
Package: float 2001/11/08 v1.3d Float enhancements (AL)
\c@float@type=\count291
\float@exts=\toks35
\float@box=\box56
\@float@everytoks=\toks36
\@floatcapt=\box57
)
(/usr/share/texlive/texmf-dist/tex/latex/tools/layout.sty
Package: layout 2021-03-10 v1.2e Show layout parameters
\oneinch=\count292
\cnt@paperwidth=\count293
\cnt@paperheight=\count294
\cnt@hoffset=\count295
\cnt@voffset=\count296
\cnt@textheight=\count297
\cnt@textwidth=\count298
\cnt@topmargin=\count299
\cnt@oddsidemargin=\count300
\cnt@evensidemargin=\count301
\cnt@headheight=\count302
\cnt@headsep=\count303
\cnt@marginparsep=\count304
\cnt@marginparwidth=\count305
\cnt@marginparpush=\count306
\cnt@footskip=\count307
\fheight=\count308
\ref@top=\count309
\ref@hoffset=\count310
\ref@voffset=\count311
\ref@head=\count312
\ref@body=\count313
\ref@foot=\count314
\ref@margin=\count315
\ref@marginwidth=\count316
\ref@marginpar=\count317
\Interval=\count318
\ExtraYPos=\count319
\PositionX=\count320
\PositionY=\count321
\ArrowLength=\count322
)
(/usr/share/texlive/texmf-dist/tex/latex/multirow/multirow.sty
Package: multirow 2021/03/15 v2.8 Span multiple rows of a table
\multirow@colwidth=\skip80
\multirow@cntb=\count323
\multirow@dima=\skip81
\bigstrutjot=\dimen154
)
(/usr/share/texlive/texmf-dist/tex/latex/setspace/setspace.sty
Package: setspace 2011/12/19 v6.7a set line spacing
) (./slashbox.sty
slashbox style by K.Yasuoka, May 1993.
\@slashboxa=\box58
\@slashboxb=\box59
\@slashboxc=\box60
\@slashboxwd=\count324
\@slashboxht=\count325
\@slashsepl=\dimen155
\@slashsepr=\dimen156
) (/usr/share/texlive/texmf-dist/tex/latex/tools/verbatim.sty
Package: verbatim 2020-07-07 v1.5u LaTeX2e package for verbatim enhancements
\every@verbatim=\toks37
\verbatim@line=\toks38
\verbatim@in@stream=\read3
)
(/usr/share/texlive/texmf-dist/tex/latex/algorithm2e/algorithm2e.sty
Package: algorithm2e 2017/07/18 v5.2 algorithms environments
\c@AlgoLine=\count326

(/usr/share/texlive/texmf-dist/tex/latex/base/ifthen.sty
Package: ifthen 2020/11/24 v1.1c Standard LaTeX ifthen package (DPC)
)
\algocf@hangindent=\skip82

(/usr/share/texlive/texmf-dist/tex/latex/ifoddpage/ifoddpage.sty
Package: ifoddpage 2016/04/23 v1.1 Conditionals for odd/even page detection
\c@checkoddpage=\count327
)
(/usr/share/texlive/texmf-dist/tex/latex/tools/xspace.sty
Package: xspace 2014/10/28 v1.13 Space after command names (DPC,MH)
)
(/usr/share/texlive/texmf-dist/tex/latex/relsize/relsize.sty
Package: relsize 2013/03/29 ver 4.1
)
\skiptotal=\skip83
\skiplinenumber=\skip84
\skiprule=\skip85
\skiphlne=\skip86
\skiptext=\skip87
\skiplength=\skip88
\algomargin=\skip89
\skipalgocfslide=\skip90
\algowidth=\dimen157
\inoutsize=\dimen158
\inoutindent=\dimen159
\interspacetitleruled=\dimen160
\interspacealgoruled=\dimen161
\interspacetitleboxruled=\dimen162
\algocf@ruledwidth=\skip91
\algocf@inoutbox=\box61
\algocf@inputbox=\box62
\AlCapSkip=\skip92
\AlCapHSkip=\skip93
\algoskipindent=\skip94
\algocf@nlbox=\box63
\algocf@hangingbox=\box64
\algocf@untilbox=\box65
\algocf@skipuntil=\skip95
\algocf@capbox=\box66
\algocf@lcaptionbox=\skip96
\algoheightruledefault=\skip97
\algoheightrule=\skip98
\algotitleheightruledefault=\skip99
\algotitleheightrule=\skip100
\c@algocfline=\count328
\c@algocfproc=\count329
\c@algocf=\count330
\algocf@algoframe=\box67
\algocf@algobox=\box68
)
(/usr/share/texlive/texmf-dist/tex/latex/algorithmicx/algorithmicx.sty
Package: algorithmicx 2005/04/27 v1.2 Algorithmicx

Document Style algorithmicx 1.2 - a greatly improved `algorithmic' style
\c@ALG@line=\count331
\c@ALG@rem=\count332
\c@ALG@nested=\count333
\ALG@tlm=\skip101
\ALG@thistlm=\skip102
\c@ALG@Lnr=\count334
\c@ALG@blocknr=\count335
\c@ALG@storecount=\count336
\c@ALG@tmpcounter=\count337
\ALG@tmplength=\skip103
) (/usr/share/texlive/texmf-dist/tex/latex/listings/listings.sty
\lst@mode=\count338
\lst@gtempboxa=\box69
\lst@token=\toks39
\lst@length=\count339
\lst@currlwidth=\dimen163
\lst@column=\count340
\lst@pos=\count341
\lst@lostspace=\dimen164
\lst@width=\dimen165
\lst@newlines=\count342
\lst@lineno=\count343
\lst@maxwidth=\dimen166

(/usr/share/texlive/texmf-dist/tex/latex/listings/lstmisc.sty
File: lstmisc.sty 2020/03/24 1.8d (Carsten Heinz)
\c@lstnumber=\count344
\lst@skipnumbers=\count345
\lst@framebox=\box70
)
(/usr/share/texlive/texmf-dist/tex/latex/listings/listings.cfg
File: listings.cfg 2020/03/24 1.8d listings configuration
))
Package: listings 2020/03/24 1.8d (Carsten Heinz)

(/usr/share/texlive/texmf-dist/tex/latex/caption/caption.sty
Package: caption 2020/10/26 v3.5g Customizing captions (AR)

(/usr/share/texlive/texmf-dist/tex/latex/caption/caption3.sty
Package: caption3 2020/10/21 v2.2e caption3 kernel (AR)
\captionmargin=\dimen167
\captionmargin@=\dimen168
\captionwidth=\dimen169
\caption@tempdima=\dimen170
\caption@indent=\dimen171
\caption@parindent=\dimen172
\caption@hangindent=\dimen173
Package caption Info: KOMA-Script document class detected.

(/usr/share/texlive/texmf-dist/tex/latex/caption/caption-koma.sto
File: caption-koma.sto 2020/09/21 v2.0b Adaption of the caption package to the 
KOMA-Script document classes (AR)
))
\c@caption@flags=\count346
\c@continuedfloat=\count347
Package caption Info: float package is loaded.
Package caption Info: hyperref package is loaded.
Package caption Info: listings package is loaded.
)
(/usr/share/texlive/texmf-dist/tex/latex/caption/subcaption.sty
Package: subcaption 2020/10/07 v1.3j Sub-captions (AR)
\c@subfigure=\count348
\c@subtable=\count349
)
(/usr/share/texlive/texmf-dist/tex/latex/natbib/natbib.sty
Package: natbib 2010/09/13 8.31b (PWD, AO)
\bibhang=\skip104
\bibsep=\skip105
LaTeX Info: Redefining \cite on input line 694.
\c@NAT@ctr=\count350
)
(/usr/share/texlive/texmf-dist/tex/latex/preprint/authblk.sty
Package: authblk 2001/02/27 1.3 (PWD)
\affilsep=\skip106
\@affilsep=\skip107
\c@Maxaffil=\count351
\c@authors=\count352
\c@affil=\count353
) (./cprotect.sty
Package: cprotect 2011/01/27 v1.0e (Bruno Le Floch)

(/usr/share/texlive/texmf-dist/tex/latex/bigfoot/suffix.sty
Package: suffix 2006/07/15 1.5a Variant command support
)
\CPT@WriteOut=\write3
\c@CPT@WriteCount=\count354
\c@CPT@numB=\count355
\CPT@commandatend@toks=\toks40
)
(/usr/share/texlive/texmf-dist/tex/latex/graphics/graphicx.sty
Package: graphicx 2021/09/16 v1.2d Enhanced LaTeX Graphics (DPC,SPQR)

(/usr/share/texlive/texmf-dist/tex/latex/graphics/graphics.sty
Package: graphics 2021/03/04 v1.4d Standard LaTeX Graphics (DPC,SPQR)

(/usr/share/texlive/texmf-dist/tex/latex/graphics/trig.sty
Package: trig 2021/08/11 v1.11 sin cos tan (DPC)
)
(/usr/share/texlive/texmf-dist/tex/latex/graphics-cfg/graphics.cfg
File: graphics.cfg 2016/06/04 v1.11 sample graphics configuration
)
Package graphics Info: Driver file: pdftex.def on input line 107.
)
\Gin@req@height=\dimen174
\Gin@req@width=\dimen175
)
(/usr/share/texlive/texmf-dist/tex/latex/epigraph/epigraph.sty
Package: epigraph 2020/01/02 v1.5e typesetting epigraphs

(/usr/share/texlive/texmf-dist/tex/latex/nextpage/nextpage.sty
Package: nextpage 2009/09/03 v1.1a additional page commands
)
\beforeepigraphskip=\skip108
\afterepigraphskip=\skip109
\epigraphwidth=\skip110
\epigraphrule=\skip111
)
(/usr/share/texlive/texmf-dist/tex/latex/framed/framed.sty
Package: framed 2011/10/22 v 0.96: framed or shaded text with page breaks
\OuterFrameSep=\skip112
\fb@frw=\dimen176
\fb@frh=\dimen177
\FrameRule=\dimen178
\FrameSep=\dimen179
)
(/usr/share/texlive/texmf-dist/tex/latex/base/alltt.sty
Package: alltt 2021/01/29 v2.0g defines alltt environment
)
(/usr/share/texlive/texmf-dist/tex/latex/upquote/upquote.sty
Package: upquote 2012/04/19 v1.3 upright-quote and grave-accent glyphs in verba
tim
)) (./book.aux)
\openout1 = `book.aux'.

LaTeX Font Info:    Checking defaults for OML/cmm/m/it on input line 3.
LaTeX Font Info:    ... okay on input line 3.
LaTeX Font Info:    Checking defaults for OMS/cmsy/m/n on input line 3.
LaTeX Font Info:    ... okay on input line 3.
LaTeX Font Info:    Checking defaults for OT1/cmr/m/n on input line 3.
LaTeX Font Info:    ... okay on input line 3.
LaTeX Font Info:    Checking defaults for T1/cmr/m/n on input line 3.
LaTeX Font Info:    ... okay on input line 3.
LaTeX Font Info:    Checking defaults for TS1/cmr/m/n on input line 3.
LaTeX Font Info:    ... okay on input line 3.
LaTeX Font Info:    Checking defaults for OMX/cmex/m/n on input line 3.
LaTeX Font Info:    ... okay on input line 3.
LaTeX Font Info:    Checking defaults for U/cmr/m/n on input line 3.
LaTeX Font Info:    ... okay on input line 3.
LaTeX Font Info:    Checking defaults for PD1/pdf/m/n on input line 3.
LaTeX Font Info:    ... okay on input line 3.
LaTeX Font Info:    Checking defaults for PU/pdf/m/n on input line 3.
LaTeX Font Info:    ... okay on input line 3.
Package hyperref Info: Link coloring ON on input line 3.
LaTeX Info: Redefining \ref on input line 3.
LaTeX Info: Redefining \pageref on input line 3.
LaTeX Info: Redefining \nameref on input line 3.

(./book.out) (./book.out)
\@outlinefile=\write4
\openout4 = `book.out'.

Class scrartcl Info: loading recommended package `bookmark'.
(scrartcl)           Using `bookmark' together with `hyperref' is recommended,
(scrartcl)           because of handling of possible bookmark level gaps.
(scrartcl)           You can avoid loading `bookmark' with KOMA-Script option
(scrartcl)           `bookmarkpackage=false' before \begin{document} and
(scrartcl)           you can avoid this message adding:
(scrartcl)             \usepackage{bookmark}
(scrartcl)           before \begin{document} on input line 3.

(/usr/share/texlive/texmf-dist/tex/latex/bookmark/bookmark.sty
Package: bookmark 2020-11-06 v1.29 PDF bookmarks (HO)

(/usr/share/texlive/texmf-dist/tex/latex/bookmark/bkm-pdftex.def
File: bkm-pdftex.def 2020-11-06 v1.29 bookmark driver for pdfTeX (HO)
\BKM@id=\count356
))
(/usr/share/texlive/texmf-dist/tex/context/base/mkii/supp-pdf.mkii
[Loading MPS to PDF converter (version 2006.09.02).]
\scratchcounter=\count357
\scratchdimen=\dimen180
\scratchbox=\box71
\nofMPsegments=\count358
\nofMParguments=\count359
\everyMPshowfont=\toks41
\MPscratchCnt=\count360
\MPscratchDim=\dimen181
\MPnumerator=\count361
\makeMPintoPDFobject=\count362
\everyMPtoPDFconversion=\toks42
) (/usr/share/texlive/texmf-dist/tex/latex/epstopdf-pkg/epstopdf-base.sty
Package: epstopdf-base 2020-01-24 v2.11 Base part for package epstopdf
Package epstopdf-base Info: Redefining graphics rule for `.eps' on input line 4
85.

(/usr/share/texlive/texmf-dist/tex/latex/latexconfig/epstopdf-sys.cfg
File: epstopdf-sys.cfg 2010/07/13 v1.3 Configuration of (r)epstopdf for TeX Liv
e
))
(/usr/share/texlive/texmf-dist/tex/latex/base/textcomp.sty
Package: textcomp 2020/02/02 v2.0n Standard LaTeX package
)
\c@lstlisting=\count363
Package caption Info: Begin \AtBeginDocument code.
Package caption Info: End \AtBeginDocument code.
 [1


{/var/lib/texmf/fonts/map/pdftex/updmap/pdftex.map}]
Overfull \hbox (2.87312pt too wide) in paragraph at lines 14--17
[]\OT1/cmr/m/n/10.95 Todos os direitos reservados. Permitido o uso nos termos l
icen^^Xca Creative Commons Atribui^^Xc~ao-CompartilhaIgual
 []

LaTeX Font Info:    Trying to load font information for U+msa on input line 31.

(/usr/share/texlive/texmf-dist/tex/latex/amsfonts/umsa.fd
File: umsa.fd 2013/01/14 v3.01 AMS symbols A
)
LaTeX Font Info:    Trying to load font information for U+msb on input line 31.


(/usr/share/texlive/texmf-dist/tex/latex/amsfonts/umsb.fd
File: umsb.fd 2013/01/14 v3.01 AMS symbols B
) [2] [3] (./book.toc
[4]
Overfull \hbox (1.095pt too wide) detected at line 53
 []\OT1/cmss/bx/n/10.95 114
 []

)
\tf@toc=\write5
\openout5 = `book.toc'.

 [5]
Package hyperref Info: bookmark level for unknown example defaults to 0 on inpu
t line 72.
Package hyperref Info: bookmark level for unknown definition defaults to 0 on i
nput line 84.
 [6] [7]
Package hyperref Info: bookmark level for unknown theorem defaults to 0 on inpu
t line 209.
Package hyperref Info: bookmark level for unknown lemma defaults to 0 on input 
line 248.
 [8] [9] [10] [11]

Package amsmath Warning: Foreign command \atopwithdelims;
(amsmath)                \frac or \genfrac should be used instead
(amsmath)                 on input line 529.

[12]
Overfull \hbox (7.11116pt too wide) in paragraph at lines 610--624
\OT1/cmr/m/n/10.95 considere que pacientes submetidos a um tratamento recuperam
-se de uma doen^^Xca com uma frequ^encia desconhecida.
 []

[13]
LaTeX Font Info:    Font shape `OT1/cmtt/bx/n' in size <10.95> not available
(Font)              Font shape `OT1/cmtt/m/n' tried instead on input line 755.
<./figures/unnamed-chunk-5-1.pdf, id=324, 505.89pt x 505.89pt>
File: ./figures/unnamed-chunk-5-1.pdf Graphic file (type pdf)
<use ./figures/unnamed-chunk-5-1.pdf>
Package pdftex.def Info: ./figures/unnamed-chunk-5-1.pdf  used on input line 77
2.
(pdftex.def)             Requested size: 505.88875pt x 505.89645pt.


LaTeX Warning: Float too large for page by 34.61513pt on input line 776.

Package hyperref Info: bookmark level for unknown exercise defaults to 0 on inp
ut line 783.
[14] [15 <./figures/unnamed-chunk-5-1.pdf>] [16] [17]
Overfull \hbox (11.6116pt too wide) in paragraph at lines 1312--1323
\OT1/cmr/m/n/10.95 posteriori de $\OML/cmm/m/it/10.95 ^^[[]$ \OT1/cmr/m/n/10.95
 dado $\OML/cmm/m/it/10.95 X$\OT1/cmr/m/n/10.95 ? Exiba a posteriori exata, n~a
o ^^Se o suficiente indic^^Sa-la at^^Se uma constante de proporcionalidade.
 []

[18] [19]
Overfull \hbox (6.58383pt too wide) in paragraph at lines 1540--1548
\OT1/cmr/m/n/10.95 possivelmente voc^e n~ao viu o porqu^e dessa representa^^Xc~
ao ser razo^^Savel. Por que ^^Se razo^^Savel assumir que a representa^^Xc~ao
 []

[20] [21] [22] [23] [24] [25] [26]
Overfull \hbox (9.15808pt too wide) in paragraph at lines 2539--2551
[]\OT1/cmr/m/n/10.95 Tome um portf^^Solio de apostas v^^Salido arbitr^^Sario, $
(\OML/cmm/m/it/10.95 []; A[]; A[]\OT1/cmr/m/n/10.95 )[]$. Considere que $(\OML
/cmm/m/it/10.95 ^^L[]; B[]; B[]\OT1/cmr/m/n/10.95 )[]$ ^^Se a subsequ^encia
 []

[27] [28] [29] [30] [31] [32] [33]
Overfull \hbox (2.47983pt too wide) in paragraph at lines 3466--3472
[]\OT1/cmr/bx/n/10.95 Teorema 4.18. []\OT1/cmr/m/it/10.95 Considere que $\OML/c
mm/m/it/10.95 X[]; [] ; X[]; []$ \OT1/cmr/m/it/10.95 ^^Se uma sequ^encia infini
tamente permut^^Savel tal que $\OMS/cmsy/m/n/10.95 ^^@1 \OML/cmm/m/it/10.95 < E
\OT1/cmr/m/n/10.95 [\OML/cmm/m/it/10.95 X[]X[]\OT1/cmr/m/n/10.95 ] =
 []

[34] [35]
LaTeX Font Info:    Trying to load font information for OMS+cmr on input line 3
566.
 (/usr/share/texlive/texmf-dist/tex/latex/base/omscmr.fd
File: omscmr.fd 2019/12/16 v2.5j Standard LaTeX font definitions
)
LaTeX Font Info:    Font shape `OMS/cmr/m/n' in size <10.95> not available
(Font)              Font shape `OMS/cmsy/m/n' tried instead on input line 3566.


Overfull \hbox (0.98055pt too wide) in paragraph at lines 3586--3589
\OT1/cmr/m/it/10.95 Isto ^^Se, existe uma fun^^Xc~ao de distribui^^Xc~ao acumul
ada aleat^^Soria, $\OML/cmm/m/it/10.95 F$\OT1/cmr/m/it/10.95 , dada a qual $\OM
L/cmm/m/it/10.95 X[]; [] ; X[]$ \OT1/cmr/m/it/10.95 s~ao i.i.d. com distribui^^
Xc~ao
 []

[36] [37]
Overfull \hbox (14.92455pt too wide) in paragraph at lines 3839--3846
\OT1/cmr/m/n/10.95 No Exemplo [][]2.2[][], observamos que $\OML/cmm/m/it/10.95 
f\OT1/cmr/m/n/10.95 (\OML/cmm/m/it/10.95 ^^R[]\OT1/cmr/m/n/10.95 )\OML/cmm/m/it
/10.95 f\OT1/cmr/m/n/10.95 (\OML/cmm/m/it/10.95 x\OMS/cmsy/m/n/10.95 j\OML/cmm/
m/it/10.95 ^^R[]\OT1/cmr/m/n/10.95 )$ era proporcional a uma distribui^^Xc~ao B
eta(25,15). Assim, $[] []$
 []

[38] [39] [40] [41] [42] [43] [44]
<./figures/normal_normal-1.pdf, id=981, 289.08pt x 216.81pt>
File: ./figures/normal_normal-1.pdf Graphic file (type pdf)
<use ./figures/normal_normal-1.pdf>
Package pdftex.def Info: ./figures/normal_normal-1.pdf  used on input line 4381
.
(pdftex.def)             Requested size: 289.07928pt x 216.81938pt.
 [45 <./figures/normal_normal-1.pdf>]
[46]
LaTeX Font Info:    Trying to load font information for OMS+cmtt on input line 
4539.
 (/usr/share/R/share/texmf/tex/latex/omscmtt.fd
File: omscmtt.fd 
)
LaTeX Font Info:    Font shape `OMS/cmtt/m/n' in size <10.95> not available
(Font)              Font shape `OMS/cmsy/m/n' tried instead on input line 4539.

 [47]
Underfull \vbox (badness 10000) detected at line 4599
 []


Underfull \vbox (badness 10000) detected at line 4599
 []

[48]
<./figures/normal_gamma-1.pdf, id=1018, 289.08pt x 216.81pt>
File: ./figures/normal_gamma-1.pdf Graphic file (type pdf)
<use ./figures/normal_gamma-1.pdf>
Package pdftex.def Info: ./figures/normal_gamma-1.pdf  used on input line 4601.

(pdftex.def)             Requested size: 289.07928pt x 216.81938pt.
 [49 <./figures/normal_gamma-1.pdf>] [50] [51] [52] [53]
Overfull \hbox (10.87732pt too wide) in paragraph at lines 5237--5248
\OT1/cmr/m/n/10.95 Neste tipo de modelo, voc^e atribuiu prioris sobre $\OML/cmm
/m/it/10.95 ^^R$ \OT1/cmr/m/n/10.95 (e, portanto, sobre $\OML/cmm/m/it/10.95 f[
]$\OT1/cmr/m/n/10.95 ) que eram convenientes computacionalmente.
 []

[54]
Overfull \hbox (0.10173pt too wide) in paragraph at lines 5406--5412
[]\OT1/cmr/bx/n/10.95 Defini^^Xc~ao 4.62. []\OT1/cmr/m/n/10.95 Considere que $(
\OML/cmm/m/it/10.95 Y[]; [] ; Y[]\OT1/cmr/m/n/10.95 ) \OMS/cmsy/m/n/10.95 ^^X [
]\OT1/cmr/m/n/10.95 (\OML/cmm/m/it/10.95 []; [] ; []\OT1/cmr/m/n/10.95 )$. De
notamos a fun^^Xc~ao de densidade acumulada
 []

[55] [56] [57] [58]
Overfull \hbox (5.15494pt too wide) in paragraph at lines 5748--5753
[]\OT1/cmr/bx/n/10.95 Exerc^^S^^Pcio 4.73. []\OT1/cmr/m/n/10.95 Prove que Defin
i^^Xc~ao [][]4.58[][] ^^Se uma caracteriza^^Xc~ao de $\OML/cmm/m/it/10.95 P[]$\
OT1/cmr/m/n/10.95 . Isto ^^Se, se $\OML/cmm/m/it/10.95 P[]$ \OT1/cmr/m/n/10.95 
e $\OML/cmm/m/it/10.95 P[]$ \OT1/cmr/m/n/10.95 satisfazem Defini^^Xc~ao [][]4.5
8[][],
 []

[59] [60] [61] [62]
Overfull \hbox (3.27083pt too wide) in paragraph at lines 6393--6425
[]\OT1/cmr/m/n/10.95 Finalmente, voc^e atribuir^^Sa uma utilidade para cada par
 composto por uma alternativa, $\OML/cmm/m/it/10.95 a \OMS/cmsy/m/n/10.95 2 A$ 
\OT1/cmr/m/n/10.95 e uma possibilidade,
 []

[63] [64] [65] [66] [67] [68] [69] [70] [71] [72] [73] [74] [75] [76] [77]
[78]
<figures//chapter-decisions-normal-mixture.pdf, id=1596, 505.89pt x 505.89pt>
File: figures//chapter-decisions-normal-mixture.pdf Graphic file (type pdf)
<use figures//chapter-decisions-normal-mixture.pdf>
Package pdftex.def Info: figures//chapter-decisions-normal-mixture.pdf  used on
 input line 8236.
(pdftex.def)             Requested size: 252.94437pt x 252.94437pt.
 [79 <./figures//chapter-decisions-normal-mixture.pdf>] [80]
Underfull \vbox (badness 10000) detected at line 8409
 []


Underfull \vbox (badness 10000) detected at line 8409
 []

[81]
<./figures/intervalos-1.pdf, id=1626, 289.08pt x 216.81pt>
File: ./figures/intervalos-1.pdf Graphic file (type pdf)
<use ./figures/intervalos-1.pdf>
Package pdftex.def Info: ./figures/intervalos-1.pdf  used on input line 8411.
(pdftex.def)             Requested size: 289.07928pt x 216.81938pt.
 [82 <./figures/intervalos-1.pdf>] [83]
Overfull \hbox (1.91608pt too wide) in paragraph at lines 8796--8803
[]\OT1/cmr/m/n/10.95 Decorre do Teorema [][]6.12[][] que a decis~ao ^^Sotima, $
\OML/cmm/m/it/10.95 ^^N[]$\OT1/cmr/m/n/10.95 , ^^Se aquela que, para cada valor
 de $\OML/cmm/m/it/10.95 X$\OT1/cmr/m/n/10.95 , maximiza $\U/msb/m/n/10.95 E\OT
1/cmr/m/n/10.95 [\OML/cmm/m/it/10.95 U\OT1/cmr/m/n/10.95 (\OML/cmm/m/it/10.95 d
; ^^R\OT1/cmr/m/n/10.95 )\OMS/cmsy/m/n/10.95 j\OML/cmm/m/it/10.95 X\OT1/cmr/m/n
/10.95 ]$.
 []

[84] [85]
Package hyperref Info: bookmark level for unknown corollary defaults to 0 on in
put line 8952.
 [86] [87] [88]
Overfull \hbox (5.28616pt too wide) in paragraph at lines 9664--9670
[]\OT1/cmr/m/n/10.95 Revemos o ju^^S^^Pzo de razoabilidade das propriedades ind
icadas e achamos aquelas com as quais n~ao concordamos.
 []

[89] [90]

Package hyperref Warning: Token not allowed in a PDF string (Unicode):
(hyperref)                removing `math shift' on input line 9825.


Package hyperref Warning: Token not allowed in a PDF string (Unicode):
(hyperref)                removing `superscript' on input line 9825.


Package hyperref Warning: Token not allowed in a PDF string (Unicode):
(hyperref)                removing `math shift' on input line 9825.

[91] [92] [93] [94] [95] [96] [97]
Package hyperref Info: bookmark level for unknown algorithm2 defaults to 0 on i
nput line 10805.
 [98] [99]
<figures//chapter-computing-rejection-circle.pdf, id=1958, 505.89pt x 505.89pt>

File: figures//chapter-computing-rejection-circle.pdf Graphic file (type pdf)
<use figures//chapter-computing-rejection-circle.pdf>
Package pdftex.def Info: figures//chapter-computing-rejection-circle.pdf  used 
on input line 10967.
(pdftex.def)             Requested size: 252.94437pt x 252.94437pt.
 [100 <./figures//chapter-computing-rejection-circle.pdf>]
<figures//chapter-computing-rejection-beta-2-2.pdf, id=1976, 505.89pt x 505.89p
t>
File: figures//chapter-computing-rejection-beta-2-2.pdf Graphic file (type pdf)

<use figures//chapter-computing-rejection-beta-2-2.pdf>
Package pdftex.def Info: figures//chapter-computing-rejection-beta-2-2.pdf  use
d on input line 11026.
(pdftex.def)             Requested size: 252.94437pt x 252.94437pt.
 [101 <./figures//chapter-computing-rejection-beta-2-2.pdf>]
\openout3 = `book-1.cpt'.

\openout3 = `book-2.cpt'.

\openout3 = `book-3.cpt'.

 [102]
\openout3 = `book-4.cpt'.

 [103] [104] [105]
Overfull \hbox (17.34166pt too wide) in paragraph at lines 11728--11734
[]\OT1/cmr/m/n/10.95 Em primeiro lugar, note que, para obter $\OML/cmm/m/it/10.
95 R[]$\OT1/cmr/m/n/10.95 , utiliza-se $\OML/cmm/m/it/10.95 f\OT1/cmr/m/n/10.95
 (\OML/cmm/m/it/10.95 ^^R\OMS/cmsy/m/n/10.95 j\OML/cmm/m/it/10.95 x\OT1/cmr/m/n
/10.95 )$. Contudo, voc^e est^^Sa estudando m^^Setodos computacionais
 []

[106]
Overfull \hbox (9.6549pt too wide) in paragraph at lines 11827--11843
\OT1/cmr/m/n/10.95 calcular a posteriori analiticamente. O Exemplo [][]9.29[][]
, a seguir, ilustra uma implementa^^Xc~ao gen^^Serica do Algoritmo [][]9.26[][]

 []

[107] [108]
Overfull \hbox (2.12292pt too wide) in paragraph at lines 11973--11984
[]\OT1/cmr/m/n/10.95 Em primeiro lugar, estudaremos como construir uma Cadeia d
e Markov que tenha a posteriori como a distribui^^Xc~ao
 []

[109]
<figures//chapter-computing-stan-1.pdf, id=2172, 505.89pt x 505.89pt>
File: figures//chapter-computing-stan-1.pdf Graphic file (type pdf)
<use figures//chapter-computing-stan-1.pdf>
Package pdftex.def Info: figures//chapter-computing-stan-1.pdf  used on input l
ine 12037.
(pdftex.def)             Requested size: 202.3524pt x 202.3524pt.
\openout3 = `book-5.cpt'.

 (./book-5.cpt [110 <./figures//chapter-computing-stan-1.pdf>]
<figures//chapter-computing-stan-2.pdf, id=2189, 505.89pt x 505.89pt>
File: figures//chapter-computing-stan-2.pdf Graphic file (type pdf)
<use figures//chapter-computing-stan-2.pdf>
Package pdftex.def Info: figures//chapter-computing-stan-2.pdf  used on input l
ine 50.
(pdftex.def)             Requested size: 202.3524pt x 202.3524pt.
) [111]
\openout3 = `book-6.cpt'.


[112 <./figures//chapter-computing-stan-2.pdf>] [113] (./book.bbl [114])
[115] (./book.aux)
Package rerunfilecheck Info: File `book.out' has not changed.
(rerunfilecheck)             Checksum: D41D8CD98F00B204E9800998ECF8427E;0.
 ) 
Here is how much of TeX's memory you used:
 24410 strings out of 480171
 436070 string characters out of 5894490
 863682 words of memory out of 5000000
 40891 multiletter control sequences out of 15000+600000
 484089 words of font info for 84 fonts, out of 8000000 for 9000
 59 hyphenation exceptions out of 8191
 113i,19n,109p,10648b,635s stack positions out of 5000i,500n,10000p,200000b,80000s
pdfTeX warning (dest): name{Hfootnote.1} has been referenced but does not exi
st, replaced by a fixed one

 </home/rizbicki/.texlive2021/texmf-var/fonts/pk/ljfour/jknappen/ec/tcrm1095.60
0pk></usr/share/texlive/texmf-dist/fonts/type1/public/amsfonts/cm/cmbx10.pfb></
usr/share/texlive/texmf-dist/fonts/type1/public/amsfonts/cm/cmex10.pfb></usr/sh
are/texlive/texmf-dist/fonts/type1/public/amsfonts/cmextra/cmex8.pfb></usr/shar
e/texlive/texmf-dist/fonts/type1/public/amsfonts/cmextra/cmex9.pfb></usr/share/
texlive/texmf-dist/fonts/type1/public/amsfonts/cm/cmitt10.pfb></usr/share/texli
ve/texmf-dist/fonts/type1/public/amsfonts/cm/cmmi10.pfb></usr/share/texlive/tex
mf-dist/fonts/type1/public/amsfonts/cm/cmmi6.pfb></usr/share/texlive/texmf-dist
/fonts/type1/public/amsfonts/cm/cmmi8.pfb></usr/share/texlive/texmf-dist/fonts/
type1/public/amsfonts/cm/cmmi9.pfb></usr/share/texlive/texmf-dist/fonts/type1/p
ublic/amsfonts/cm/cmr10.pfb></usr/share/texlive/texmf-dist/fonts/type1/public/a
msfonts/cm/cmr12.pfb></usr/share/texlive/texmf-dist/fonts/type1/public/amsfonts
/cm/cmr6.pfb></usr/share/texlive/texmf-dist/fonts/type1/public/amsfonts/cm/cmr8
.pfb></usr/share/texlive/texmf-dist/fonts/type1/public/amsfonts/cm/cmr9.pfb></u
sr/share/texlive/texmf-dist/fonts/type1/public/amsfonts/cm/cmssbx10.pfb></usr/s
hare/texlive/texmf-dist/fonts/type1/public/amsfonts/cm/cmsy10.pfb></usr/share/t
exlive/texmf-dist/fonts/type1/public/amsfonts/cm/cmsy6.pfb></usr/share/texlive/
texmf-dist/fonts/type1/public/amsfonts/cm/cmsy8.pfb></usr/share/texlive/texmf-d
ist/fonts/type1/public/amsfonts/cm/cmti10.pfb></usr/share/texlive/texmf-dist/fo
nts/type1/public/amsfonts/cm/cmti9.pfb></usr/share/texlive/texmf-dist/fonts/typ
e1/public/amsfonts/cm/cmtt10.pfb></usr/share/texlive/texmf-dist/fonts/type1/pub
lic/amsfonts/latxfont/line10.pfb></usr/share/texlive/texmf-dist/fonts/type1/pub
lic/amsfonts/symbols/msbm10.pfb>
Output written on book.pdf (115 pages, 873825 bytes).
PDF statistics:
 2748 PDF objects out of 2984 (max. 8388607)
 2300 compressed objects within 23 object streams
 1100 named destinations out of 1200 (max. 500000)
 462 words of extra memory for PDF output out of 10000 (max. 10000000)

